20:30:58 - !! renaming disabled !!
20:42:07 - !! Can not find server sources, try decompiling !!
21:17:01 - '"C:\Program Files\Java\jdk1.7.0_06\bin\javac" -encoding UTF-8 -Xlint:-options -deprecation -g -sourc...' failed : 1
21:17:01 - 
21:17:01 - == ERRORS FOUND ==
21:17:01 - 
21:17:01 - src\minecraft\mod\legendaire45\entity\mobs\EntityCheval.java:32: error: unmappable character for encoding UTF-8
21:17:01 -     int tempsSaut; //d?claration de notre fonction pour le temps entre deux saut
21:17:01 -                       ^
21:17:01 - 
21:17:01 - src\minecraft\mod\legendaire45\entity\mobs\EntityCheval.java:111: error: unmappable character for encoding UTF-8
21:17:01 - 				motionY += 0.1; //Permet de r?gler la hauteur du saut !
21:17:01 - 				                             ^
21:17:01 - 
21:17:01 - src\minecraft\mod\legendaire45\entity\mobs\EntityCheval.java:127: error: unmappable character for encoding UTF-8
21:17:01 - 			EntityPlayer entityPlayer = (EntityPlayer) riddenByEntity; //fonctions diverses am?liorant le maniabilit? du mob
21:17:01 - 			                                                                                  ^
21:17:01 - 
21:17:01 - src\minecraft\mod\legendaire45\entity\mobs\EntityCheval.java:127: error: unmappable character for encoding UTF-8
21:17:01 - 			EntityPlayer entityPlayer = (EntityPlayer) riddenByEntity; //fonctions diverses am?liorant le maniabilit? du mob
21:17:01 - 			                                                                                                        ^
21:17:01 - 
21:17:01 - src\minecraft\mod\legendaire45\entity\mobs\EntityCheval.java:148: error: unmappable character for encoding UTF-8
21:17:01 - 				motionX += riddenByEntity.motionX * 8.5D; //vitesse du mob, changez ? votre guise
21:17:01 - 				                                                                    ^
21:17:01 - 
21:17:01 - 5 errors
21:17:01 - ==================
21:17:01 - 
21:17:01 - !! Can not find server sources, try decompiling !!
22:48:37 - '"C:\Program Files\Java\jdk1.7.0_06\bin\javac" -encoding UTF-8 -Xlint:-options -deprecation -g -sourc...' failed : 1
22:48:37 - 
22:48:37 - == ERRORS FOUND ==
22:48:37 - 
22:48:37 - src\minecraft\mod\legendaire45\entity\mobs\EntityCheval.java:148: error: unmappable character for encoding UTF-8
22:48:37 - 				motionX += riddenByEntity.motionX * 8.5D; //vitesse du mob, changez ? votre guise
22:48:37 - 				                                                                    ^
22:48:37 - 
22:48:37 - 1 error
22:48:37 - ==================
22:48:37 - 
22:48:37 - !! Can not find server sources, try decompiling !!
22:50:19 - !! Can not find server sources, try decompiling !!
22:50:51 - !! Can not find server md5s !!
