2013-02-10 18:31:43 [INFO] Starting minecraft server version 1.4.7
2013-02-10 18:31:48 [INFO] Loading properties
2013-02-10 18:31:48 [INFO] Default game type: SURVIVAL
2013-02-10 18:31:48 [INFO] Generating keypair
2013-02-10 18:31:50 [INFO] Starting Minecraft server on *:25565
2013-02-10 18:31:50 [WARNING] **** FAILED TO BIND TO PORT!
2013-02-10 18:31:50 [WARNING] The exception was: java.net.BindException: Address already in use: JVM_Bind
2013-02-10 18:31:50 [WARNING] Perhaps a server is already running on that port?
2013-02-10 18:32:54 [INFO] An unknown error occurred while attempting to perform this command
2013-02-10 18:32:56 [INFO] Stopping server
2013-02-10 18:32:56 [INFO] Saving worlds
2013-02-10 18:38:07 [INFO] Starting minecraft server version 1.4.7
2013-02-10 18:38:11 [INFO] Loading properties
2013-02-10 18:38:11 [INFO] Default game type: SURVIVAL
2013-02-10 18:38:11 [INFO] Generating keypair
2013-02-10 18:38:14 [INFO] Starting Minecraft server on *:25565
2013-02-10 18:38:14 [WARNING] **** SERVER IS RUNNING IN OFFLINE/INSECURE MODE!
2013-02-10 18:38:14 [WARNING] The server will make no attempt to authenticate usernames. Beware.
2013-02-10 18:38:14 [WARNING] While this makes the game possible to play without internet access, it also opens up the ability for hackers to connect with any username they choose.
2013-02-10 18:38:14 [WARNING] To change this, set "online-mode" to "true" in the server.properties file.
2013-02-10 18:38:14 [WARNING] Failed to load operators list: java.io.FileNotFoundException: .\ops.txt (Le fichier spécifié est introuvable)
2013-02-10 18:38:14 [WARNING] Failed to load white-list: java.io.FileNotFoundException: .\white-list.txt (Le fichier spécifié est introuvable)
2013-02-10 18:38:14 [INFO] Preparing level "mcpworld"
2013-02-10 18:38:15 [INFO] Preparing start region for level 0
2013-02-10 18:38:16 [INFO] Preparing spawn area: 4%
2013-02-10 18:38:17 [INFO] Preparing spawn area: 7%
2013-02-10 18:38:18 [INFO] Preparing spawn area: 11%
2013-02-10 18:38:19 [INFO] Preparing spawn area: 16%
2013-02-10 18:38:20 [INFO] Preparing spawn area: 22%
2013-02-10 18:38:21 [INFO] Preparing spawn area: 30%
2013-02-10 18:38:23 [INFO] Preparing spawn area: 34%
2013-02-10 18:38:24 [INFO] Preparing spawn area: 38%
2013-02-10 18:38:25 [INFO] Preparing spawn area: 43%
2013-02-10 18:38:26 [INFO] Preparing spawn area: 49%
2013-02-10 18:38:27 [INFO] Preparing spawn area: 52%
2013-02-10 18:38:28 [INFO] Preparing spawn area: 56%
2013-02-10 18:38:29 [INFO] Preparing spawn area: 59%
2013-02-10 18:38:30 [INFO] Preparing spawn area: 63%
2013-02-10 18:38:31 [INFO] Preparing spawn area: 66%
2013-02-10 18:38:32 [INFO] Preparing spawn area: 69%
2013-02-10 18:38:33 [INFO] Preparing spawn area: 72%
2013-02-10 18:38:34 [INFO] Preparing spawn area: 75%
2013-02-10 18:38:35 [INFO] Preparing spawn area: 78%
2013-02-10 18:38:36 [INFO] Preparing spawn area: 80%
2013-02-10 18:38:37 [INFO] Preparing spawn area: 84%
2013-02-10 18:38:38 [INFO] Preparing spawn area: 88%
2013-02-10 18:38:39 [INFO] Preparing spawn area: 92%
2013-02-10 18:38:40 [INFO] Preparing spawn area: 95%
2013-02-10 18:38:41 [INFO] Preparing spawn area: 98%
2013-02-10 18:38:41 [INFO] Done (27,164s)! For help, type "help" or "?"
2013-02-10 18:38:45 [WARNING] Can't keep up! Did the system time change, or is the server overloaded?
2013-02-10 18:39:07 [INFO] User Player175 connecting with mods [mod_iut]
2013-02-10 18:39:07 [INFO] Player175[/127.0.0.1:6066] logged in with entity id 6716 at (3.5, 65.62000000476837, 184.5)
2013-02-10 18:39:35 [INFO] Usage: /gamemode <mode> [player]
2013-02-10 18:39:40 [INFO] You must specify which player you wish to perform this action on.
2013-02-10 18:41:23 [INFO] Player175 lost connection: disconnect.quitting
2013-02-10 18:41:28 [INFO] Stopping the server
2013-02-10 18:41:28 [INFO] Stopping server
2013-02-10 18:41:28 [INFO] Saving players
2013-02-10 18:41:28 [INFO] Saving worlds
2013-02-10 18:41:28 [INFO] Saving chunks for level 'mcpworld'/Overworld
2013-02-10 18:41:28 [INFO] Saving chunks for level 'mcpworld'/Nether
2013-02-10 18:41:28 [INFO] Saving chunks for level 'mcpworld'/The End
2013-02-10 18:42:43 [INFO] Starting minecraft server version 1.4.7
2013-02-10 18:42:47 [INFO] Loading properties
2013-02-10 18:42:47 [INFO] Default game type: SURVIVAL
2013-02-10 18:42:47 [INFO] Generating keypair
2013-02-10 18:42:51 [INFO] Starting Minecraft server on *:25565
2013-02-10 18:42:51 [WARNING] **** SERVER IS RUNNING IN OFFLINE/INSECURE MODE!
2013-02-10 18:42:51 [WARNING] The server will make no attempt to authenticate usernames. Beware.
2013-02-10 18:42:51 [WARNING] While this makes the game possible to play without internet access, it also opens up the ability for hackers to connect with any username they choose.
2013-02-10 18:42:51 [WARNING] To change this, set "online-mode" to "true" in the server.properties file.
2013-02-10 18:42:52 [INFO] Preparing level "mcpworld"
2013-02-10 18:42:52 [INFO] Preparing start region for level 0
2013-02-10 18:42:53 [INFO] Preparing spawn area: 21%
2013-02-10 18:42:54 [INFO] Preparing spawn area: 68%
2013-02-10 18:42:55 [INFO] Done (3,595s)! For help, type "help" or "?"
2013-02-10 18:43:03 [INFO] User Player504 connecting with mods [mod_iut]
2013-02-10 18:43:03 [INFO] Player504[/127.0.0.1:6145] logged in with entity id 335 at (-2.5, 65.62000000476837, 201.5)
2013-02-10 18:43:45 [INFO] Player504 lost connection: disconnect.quitting
2013-02-10 18:43:57 [INFO] Stopping the server
2013-02-10 18:43:57 [INFO] Stopping server
2013-02-10 18:43:57 [INFO] Saving players
2013-02-10 18:43:57 [INFO] Saving worlds
2013-02-10 18:43:57 [INFO] Saving chunks for level 'mcpworld'/Overworld
2013-02-10 18:43:57 [INFO] Saving chunks for level 'mcpworld'/Nether
2013-02-10 18:43:57 [INFO] Saving chunks for level 'mcpworld'/The End
2013-02-10 20:44:46 [INFO] Starting minecraft server version 1.4.7
2013-02-10 20:44:54 [INFO] Loading properties
2013-02-10 20:44:54 [INFO] Default game type: SURVIVAL
2013-02-10 20:44:54 [INFO] Generating keypair
2013-02-10 20:44:57 [INFO] Starting Minecraft server on *:25565
2013-02-10 20:44:57 [WARNING] **** SERVER IS RUNNING IN OFFLINE/INSECURE MODE!
2013-02-10 20:44:57 [WARNING] The server will make no attempt to authenticate usernames. Beware.
2013-02-10 20:44:57 [WARNING] While this makes the game possible to play without internet access, it also opens up the ability for hackers to connect with any username they choose.
2013-02-10 20:44:57 [WARNING] To change this, set "online-mode" to "true" in the server.properties file.
2013-02-10 20:44:58 [INFO] Preparing level "mcpworld"
2013-02-10 20:44:59 [INFO] Preparing start region for level 0
2013-02-10 20:45:00 [INFO] Preparing spawn area: 25%
2013-02-10 20:45:01 [INFO] Preparing spawn area: 80%
2013-02-10 20:45:01 [INFO] Done (3,629s)! For help, type "help" or "?"
2013-02-10 20:45:12 [INFO] Stopping the server
2013-02-10 20:45:12 [INFO] Stopping server
2013-02-10 20:45:12 [INFO] Saving players
2013-02-10 20:45:12 [INFO] Saving worlds
2013-02-10 20:45:12 [INFO] Saving chunks for level 'mcpworld'/Overworld
2013-02-10 20:45:12 [INFO] Saving chunks for level 'mcpworld'/Nether
2013-02-10 20:45:12 [INFO] Saving chunks for level 'mcpworld'/The End
